a
arbol
susana
hola
arbol
susana
hola
arbol
susana
hola
arbol
susana
hola
arbol
susana
hola
arbol
susana
hola
arbol
susana
hola
arbol
susana
hola
arbol
susana
hola
arbol
susana
hola
arbol
susana
hola
arbol
susana
hola
arbol
susana
hola
arbol
susana
hola
arbol
susana
hola
arbol
susana
hola
arbol
susana
hola
arbol
susana
hola
arbol
susana
hola
arbol
susana
hola
arbol
susana
hola
arbol
susana
hola
arbol
susana
hola
arbol
susana
hola
arbol
susana
hola
arbol
susana
hola
arbol
susana
hola
arbol
susana
hola
arbol
susana
hola
arbol
susana
hola
arbol
susana
hola
arbol
susana
hola
arbol
susana
hola
arbol
susana
hola
arbol
susana
hola
arbol
susana
susana
susana
susana
anana
anana
ala
ala
ala
susana
susana
susana
anana
anana
susana
susana
susana
anana
anana
susana
susana
susana
anana
anana
susana
susana
susana
anana
anana
susana
susana
susana
anana
anana
susana
susana
susana
anana
anana
susana
susana
susana
anana
anana
susana
susana
susana
anana
anana
susana
susana
susana
anana
anana
susana
susana
susana
anana
anana
susana
susana
susana
anana
